# JRE version: Java(TM) SE Runtime Environment (8.0_60-b27) (build 1.8.0_60-b27)
# Java VM: Java HotSpot(TM) 64-Bit Server VM (25.60-b23 mixed mode windows-amd64 compressed oops)
Heap:
 PSYoungGen      total 486912K, used 137608K [0x00000000d5c00000, 0x00000000ff680000, 0x0000000100000000)
  eden space 289280K, 13% used [0x00000000d5c00000,0x00000000d815bd50,0x00000000e7680000)
  from space 197632K, 50% used [0x00000000e7680000,0x00000000ed786518,0x00000000f3780000)
  to   space 191488K, 0% used [0x00000000f3b80000,0x00000000f3b80000,0x00000000ff680000)
 ParOldGen       total 1384448K, used 713208K [0x0000000081400000, 0x00000000d5c00000, 0x00000000d5c00000)
  object space 1384448K, 51% used [0x0000000081400000,0x00000000acc7e278,0x00000000d5c00000)
 Metaspace       used 9234K, capacity 9432K, committed 9472K, reserved 1058816K
  class space    used 922K, capacity 989K, committed 1024K, reserved 1048576K
GC Heap History (10 events):
Event: 158.606 GC heap before
{Heap before GC invocations=237 (full 22):
 PSYoungGen      total 459264K, used 31489K [0x00000000d5c00000, 0x00000000ffa80000, 0x0000000100000000)
  eden space 247296K, 0% used [0x00000000d5c00000,0x00000000d5c00000,0x00000000e4d80000)
  from space 211968K, 14% used [0x00000000e4d80000,0x00000000e6c407e8,0x00000000f1c80000)
  to   space 212992K, 0% used [0x00000000f2a80000,0x00000000f2a80000,0x00000000ffa80000)
 ParOldGen       total 1384448K, used 1283330K [0x0000000081400000, 0x00000000d5c00000, 0x00000000d5c00000)
  object space 1384448K, 92% used [0x0000000081400000,0x00000000cf940b20,0x00000000d5c00000)
 Metaspace       used 9234K, capacity 9432K, committed 9472K, reserved 1058816K
  class space    used 922K, capacity 989K, committed 1024K, reserved 1048576K
Event: 158.806 GC heap after
Heap after GC invocations=237 (full 22):
 PSYoungGen      total 459264K, used 0K [0x00000000d5c00000, 0x00000000ffa80000, 0x0000000100000000)
  eden space 247296K, 0% used [0x00000000d5c00000,0x00000000d5c00000,0x00000000e4d80000)
  from space 211968K, 0% used [0x00000000e4d80000,0x00000000e4d80000,0x00000000f1c80000)
  to   space 212992K, 0% used [0x00000000f2a80000,0x00000000f2a80000,0x00000000ffa80000)
 ParOldGen       total 1384448K, used 672592K [0x0000000081400000, 0x00000000d5c00000, 0x00000000d5c00000)
  object space 1384448K, 48% used [0x0000000081400000,0x00000000aa4d4010,0x00000000d5c00000)
 Metaspace       used 9234K, capacity 9432K, committed 9472K, reserved 1058816K
  class space    used 922K, capacity 989K, committed 1024K, reserved 1048576K
}
Event: 159.086 GC heap before
{Heap before GC invocations=238 (full 22):
 PSYoungGen      total 459264K, used 247296K [0x00000000d5c00000, 0x00000000ffa80000, 0x0000000100000000)
  eden space 247296K, 100% used [0x00000000d5c00000,0x00000000e4d80000,0x00000000e4d80000)
  from space 211968K, 0% used [0x00000000e4d80000,0x00000000e4d80000,0x00000000f1c80000)
  to   space 212992K, 0% used [0x00000000f2a80000,0x00000000f2a80000,0x00000000ffa80000)
 ParOldGen       total 1384448K, used 672592K [0x0000000081400000, 0x00000000d5c00000, 0x00000000d5c00000)
  object space 1384448K, 48% used [0x0000000081400000,0x00000000aa4d4010,0x00000000d5c00000)
 Metaspace       used 9234K, capacity 9432K, committed 9472K, reserved 1058816K
  class space    used 922K, capacity 989K, committed 1024K, reserved 1048576K
Event: 159.112 GC heap after
Heap after GC invocations=238 (full 22):
 PSYoungGen      total 465408K, used 97824K [0x00000000d5c00000, 0x00000000fec00000, 0x0000000100000000)
  eden space 267264K, 0% used [0x00000000d5c00000,0x00000000d5c00000,0x00000000e6100000)
  from space 198144K, 49% used [0x00000000f2a80000,0x00000000f8a08010,0x00000000fec00000)
  to   space 202240K, 0% used [0x00000000e6100000,0x00000000e6100000,0x00000000f2680000)
 ParOldGen       total 1384448K, used 672592K [0x0000000081400000, 0x00000000d5c00000, 0x00000000d5c00000)
  object space 1384448K, 48% used [0x0000000081400000,0x00000000aa4d4010,0x00000000d5c00000)
 Metaspace       used 9234K, capacity 9432K, committed 9472K, reserved 1058816K
  class space    used 922K, capacity 989K, committed 1024K, reserved 1048576K
}
Event: 160.378 GC heap before
{Heap before GC invocations=239 (full 22):
 PSYoungGen      total 465408K, used 365088K [0x00000000d5c00000, 0x00000000fec00000, 0x0000000100000000)
  eden space 267264K, 100% used [0x00000000d5c00000,0x00000000e6100000,0x00000000e6100000)
  from space 198144K, 49% used [0x00000000f2a80000,0x00000000f8a08010,0x00000000fec00000)
  to   space 202240K, 0% used [0x00000000e6100000,0x00000000e6100000,0x00000000f2680000)
 ParOldGen       total 1384448K, used 672592K [0x0000000081400000, 0x00000000d5c00000, 0x00000000d5c00000)
  object space 1384448K, 48% used [0x0000000081400000,0x00000000aa4d4010,0x00000000d5c00000)
 Metaspace       used 9234K, capacity 9432K, committed 9472K, reserved 1058816K
  class space    used 922K, capacity 989K, committed 1024K, reserved 1048576K
Event: 160.400 GC heap after
Heap after GC invocations=239 (full 22):
 PSYoungGen      total 469504K, used 77209K [0x00000000d5c00000, 0x00000000ff600000, 0x0000000100000000)
  eden space 267264K, 0% used [0x00000000d5c00000,0x00000000d5c00000,0x00000000e6100000)
  from space 202240K, 38% used [0x00000000e6100000,0x00000000eac667a0,0x00000000f2680000)
  to   space 195072K, 0% used [0x00000000f3780000,0x00000000f3780000,0x00000000ff600000)
 ParOldGen       total 1384448K, used 709904K [0x0000000081400000, 0x00000000d5c00000, 0x00000000d5c00000)
  object space 1384448K, 51% used [0x0000000081400000,0x00000000ac944300,0x00000000d5c00000)
 Metaspace       used 9234K, capacity 9432K, committed 9472K, reserved 1058816K
  class space    used 922K, capacity 989K, committed 1024K, reserved 1048576K
}
Event: 161.101 GC heap before
{Heap before GC invocations=240 (full 22):
 PSYoungGen      total 469504K, used 344473K [0x00000000d5c00000, 0x00000000ff600000, 0x0000000100000000)
  eden space 267264K, 100% used [0x00000000d5c00000,0x00000000e6100000,0x00000000e6100000)
  from space 202240K, 38% used [0x00000000e6100000,0x00000000eac667a0,0x00000000f2680000)
  to   space 195072K, 0% used [0x00000000f3780000,0x00000000f3780000,0x00000000ff600000)
 ParOldGen       total 1384448K, used 709904K [0x0000000081400000, 0x00000000d5c00000, 0x00000000d5c00000)
  object space 1384448K, 51% used [0x0000000081400000,0x00000000ac944300,0x00000000d5c00000)
 Metaspace       used 9234K, capacity 9432K, committed 9472K, reserved 1058816K
  class space    used 922K, capacity 989K, committed 1024K, reserved 1048576K
Event: 161.106 GC heap after
Heap after GC invocations=240 (full 22):
 PSYoungGen      total 484352K, used 18909K [0x00000000d5c00000, 0x00000000ffe00000, 0x0000000100000000)
  eden space 289280K, 0% used [0x00000000d5c00000,0x00000000d5c00000,0x00000000e7680000)
  from space 195072K, 9% used [0x00000000f3780000,0x00000000f49f7610,0x00000000ff600000)
  to   space 197632K, 0% used [0x00000000e7680000,0x00000000e7680000,0x00000000f3780000)
 ParOldGen       total 1384448K, used 713200K [0x0000000081400000, 0x00000000d5c00000, 0x00000000d5c00000)
  object space 1384448K, 51% used [0x0000000081400000,0x00000000acc7c278,0x00000000d5c00000)
 Metaspace       used 9234K, capacity 9432K, committed 9472K, reserved 1058816K
  class space    used 922K, capacity 989K, committed 1024K, reserved 1048576K
}
Event: 162.862 GC heap before
{Heap before GC invocations=241 (full 22):
 PSYoungGen      total 484352K, used 308189K [0x00000000d5c00000, 0x00000000ffe00000, 0x0000000100000000)
  eden space 289280K, 100% used [0x00000000d5c00000,0x00000000e7680000,0x00000000e7680000)
  from space 195072K, 9% used [0x00000000f3780000,0x00000000f49f7610,0x00000000ff600000)
  to   space 197632K, 0% used [0x00000000e7680000,0x00000000e7680000,0x00000000f3780000)
 ParOldGen       total 1384448K, used 713200K [0x0000000081400000, 0x00000000d5c00000, 0x00000000d5c00000)
  object space 1384448K, 51% used [0x0000000081400000,0x00000000acc7c278,0x00000000d5c00000)
 Metaspace       used 9234K, capacity 9432K, committed 9472K, reserved 1058816K
  class space    used 922K, capacity 989K, committed 1024K, reserved 1048576K
Event: 162.877 GC heap after
Heap after GC invocations=241 (full 22):
 PSYoungGen      total 486912K, used 99353K [0x00000000d5c00000, 0x00000000ff680000, 0x0000000100000000)
  eden space 289280K, 0% used [0x00000000d5c00000,0x00000000d5c00000,0x00000000e7680000)
  from space 197632K, 50% used [0x00000000e7680000,0x00000000ed786518,0x00000000f3780000)
  to   space 191488K, 0% used [0x00000000f3b80000,0x00000000f3b80000,0x00000000ff680000)
 ParOldGen       total 1384448K, used 713208K [0x0000000081400000, 0x00000000d5c00000, 0x00000000d5c00000)
  object space 1384448K, 51% used [0x0000000081400000,0x00000000acc7e278,0x00000000d5c00000)
 Metaspace       used 9234K, capacity 9432K, committed 9472K, reserved 1058816K
  class space    used 922K, capacity 989K, committed 1024K, reserved 1048576K
}

