# JRE version: Java(TM) SE Runtime Environment (8.0_60-b27) (build 1.8.0_60-b27)
# Java VM: Java HotSpot(TM) 64-Bit Server VM (25.60-b23 mixed mode windows-amd64 compressed oops)
Heap:
 PSYoungGen      total 495104K, used 122206K [0x00000000d5c00000, 0x0000000100000000, 0x0000000100000000)
  eden space 291328K, 3% used [0x00000000d5c00000,0x00000000d6528448,0x00000000e7880000)
  from space 203776K, 55% used [0x00000000f3900000,0x00000000fa72f620,0x0000000100000000)
  to   space 197120K, 0% used [0x00000000e7880000,0x00000000e7880000,0x00000000f3900000)
 ParOldGen       total 1384448K, used 945763K [0x0000000081400000, 0x00000000d5c00000, 0x00000000d5c00000)
  object space 1384448K, 68% used [0x0000000081400000,0x00000000baf98ee8,0x00000000d5c00000)
 Metaspace       used 9233K, capacity 9432K, committed 9472K, reserved 1058816K
  class space    used 923K, capacity 989K, committed 1024K, reserved 1048576K
GC Heap History (10 events):
Event: 160.446 GC heap before
{Heap before GC invocations=229 (full 21):
 PSYoungGen      total 447488K, used 447296K [0x00000000d5c00000, 0x0000000100000000, 0x0000000100000000)
  eden space 316416K, 100% used [0x00000000d5c00000,0x00000000e9100000,0x00000000e9100000)
  from space 131072K, 99% used [0x00000000e9100000,0x00000000f10d0040,0x00000000f1100000)
  to   space 190464K, 0% used [0x00000000f4600000,0x00000000f4600000,0x0000000100000000)
 ParOldGen       total 1384448K, used 945506K [0x0000000081400000, 0x00000000d5c00000, 0x00000000d5c00000)
  object space 1384448K, 68% used [0x0000000081400000,0x00000000baf58a28,0x00000000d5c00000)
 Metaspace       used 9233K, capacity 9432K, committed 9472K, reserved 1058816K
  class space    used 923K, capacity 989K, committed 1024K, reserved 1048576K
Event: 160.449 GC heap after
Heap after GC invocations=229 (full 21):
 PSYoungGen      total 488448K, used 12445K [0x00000000d5c00000, 0x0000000100000000, 0x0000000100000000)
  eden space 297984K, 0% used [0x00000000d5c00000,0x00000000d5c00000,0x00000000e7f00000)
  from space 190464K, 6% used [0x00000000f4600000,0x00000000f5227430,0x0000000100000000)
  to   space 197120K, 0% used [0x00000000e7f00000,0x00000000e7f00000,0x00000000f3f80000)
 ParOldGen       total 1384448K, used 945522K [0x0000000081400000, 0x00000000d5c00000, 0x00000000d5c00000)
  object space 1384448K, 68% used [0x0000000081400000,0x00000000baf5ca28,0x00000000d5c00000)
 Metaspace       used 9233K, capacity 9432K, committed 9472K, reserved 1058816K
  class space    used 923K, capacity 989K, committed 1024K, reserved 1048576K
}
Event: 162.080 GC heap before
{Heap before GC invocations=230 (full 21):
 PSYoungGen      total 488448K, used 310429K [0x00000000d5c00000, 0x0000000100000000, 0x0000000100000000)
  eden space 297984K, 100% used [0x00000000d5c00000,0x00000000e7f00000,0x00000000e7f00000)
  from space 190464K, 6% used [0x00000000f4600000,0x00000000f5227430,0x0000000100000000)
  to   space 197120K, 0% used [0x00000000e7f00000,0x00000000e7f00000,0x00000000f3f80000)
 ParOldGen       total 1384448K, used 945523K [0x0000000081400000, 0x00000000d5c00000, 0x00000000d5c00000)
  object space 1384448K, 68% used [0x0000000081400000,0x00000000baf5cc68,0x00000000d5c00000)
 Metaspace       used 9233K, capacity 9432K, committed 9472K, reserved 1058816K
  class space    used 923K, capacity 989K, committed 1024K, reserved 1048576K
Event: 162.097 GC heap after
Heap after GC invocations=230 (full 21):
 PSYoungGen      total 495104K, used 119872K [0x00000000d5c00000, 0x0000000100000000, 0x0000000100000000)
  eden space 297984K, 0% used [0x00000000d5c00000,0x00000000d5c00000,0x00000000e7f00000)
  from space 197120K, 60% used [0x00000000e7f00000,0x00000000ef4103f8,0x00000000f3f80000)
  to   space 196096K, 0% used [0x00000000f4080000,0x00000000f4080000,0x0000000100000000)
 ParOldGen       total 1384448K, used 945523K [0x0000000081400000, 0x00000000d5c00000, 0x00000000d5c00000)
  object space 1384448K, 68% used [0x0000000081400000,0x00000000baf5cc68,0x00000000d5c00000)
 Metaspace       used 9233K, capacity 9432K, committed 9472K, reserved 1058816K
  class space    used 923K, capacity 989K, committed 1024K, reserved 1048576K
}
Event: 162.725 GC heap before
{Heap before GC invocations=231 (full 21):
 PSYoungGen      total 495104K, used 417856K [0x00000000d5c00000, 0x0000000100000000, 0x0000000100000000)
  eden space 297984K, 100% used [0x00000000d5c00000,0x00000000e7f00000,0x00000000e7f00000)
  from space 197120K, 60% used [0x00000000e7f00000,0x00000000ef4103f8,0x00000000f3f80000)
  to   space 196096K, 0% used [0x00000000f4080000,0x00000000f4080000,0x0000000100000000)
 ParOldGen       total 1384448K, used 945763K [0x0000000081400000, 0x00000000d5c00000, 0x00000000d5c00000)
  object space 1384448K, 68% used [0x0000000081400000,0x00000000baf98ee8,0x00000000d5c00000)
 Metaspace       used 9233K, capacity 9432K, committed 9472K, reserved 1058816K
  class space    used 923K, capacity 989K, committed 1024K, reserved 1048576K
Event: 162.746 GC heap after
Heap after GC invocations=231 (full 21):
 PSYoungGen      total 487936K, used 115904K [0x00000000d5c00000, 0x00000000ff900000, 0x0000000100000000)
  eden space 299008K, 0% used [0x00000000d5c00000,0x00000000d5c00000,0x00000000e8000000)
  from space 188928K, 61% used [0x00000000f4080000,0x00000000fb1b0020,0x00000000ff900000)
  to   space 193024K, 0% used [0x00000000e8000000,0x00000000e8000000,0x00000000f3c80000)
 ParOldGen       total 1384448K, used 945763K [0x0000000081400000, 0x00000000d5c00000, 0x00000000d5c00000)
  object space 1384448K, 68% used [0x0000000081400000,0x00000000baf98ee8,0x00000000d5c00000)
 Metaspace       used 9233K, capacity 9432K, committed 9472K, reserved 1058816K
  class space    used 923K, capacity 989K, committed 1024K, reserved 1048576K
}
Event: 164.170 GC heap before
{Heap before GC invocations=232 (full 21):
 PSYoungGen      total 487936K, used 414912K [0x00000000d5c00000, 0x00000000ff900000, 0x0000000100000000)
  eden space 299008K, 100% used [0x00000000d5c00000,0x00000000e8000000,0x00000000e8000000)
  from space 188928K, 61% used [0x00000000f4080000,0x00000000fb1b0020,0x00000000ff900000)
  to   space 193024K, 0% used [0x00000000e8000000,0x00000000e8000000,0x00000000f3c80000)
 ParOldGen       total 1384448K, used 945763K [0x0000000081400000, 0x00000000d5c00000, 0x00000000d5c00000)
  object space 1384448K, 68% used [0x0000000081400000,0x00000000baf98ee8,0x00000000d5c00000)
 Metaspace       used 9233K, capacity 9432K, committed 9472K, reserved 1058816K
  class space    used 923K, capacity 989K, committed 1024K, reserved 1048576K
Event: 164.194 GC heap after
Heap after GC invocations=232 (full 21):
 PSYoungGen      total 453120K, used 153709K [0x00000000d5c00000, 0x0000000100000000, 0x0000000100000000)
  eden space 299008K, 0% used [0x00000000d5c00000,0x00000000d5c00000,0x00000000e8000000)
  from space 154112K, 99% used [0x00000000e8000000,0x00000000f161b468,0x00000000f1680000)
  to   space 203776K, 0% used [0x00000000f3900000,0x00000000f3900000,0x0000000100000000)
 ParOldGen       total 1384448K, used 945763K [0x0000000081400000, 0x00000000d5c00000, 0x00000000d5c00000)
  object space 1384448K, 68% used [0x0000000081400000,0x00000000baf98ee8,0x00000000d5c00000)
 Metaspace       used 9233K, capacity 9432K, committed 9472K, reserved 1058816K
  class space    used 923K, capacity 989K, committed 1024K, reserved 1048576K
}
Event: 166.007 GC heap before
{Heap before GC invocations=233 (full 21):
 PSYoungGen      total 453120K, used 452717K [0x00000000d5c00000, 0x0000000100000000, 0x0000000100000000)
  eden space 299008K, 100% used [0x00000000d5c00000,0x00000000e8000000,0x00000000e8000000)
  from space 154112K, 99% used [0x00000000e8000000,0x00000000f161b468,0x00000000f1680000)
  to   space 203776K, 0% used [0x00000000f3900000,0x00000000f3900000,0x0000000100000000)
 ParOldGen       total 1384448K, used 945763K [0x0000000081400000, 0x00000000d5c00000, 0x00000000d5c00000)
  object space 1384448K, 68% used [0x0000000081400000,0x00000000baf98ee8,0x00000000d5c00000)
 Metaspace       used 9233K, capacity 9432K, committed 9472K, reserved 1058816K
  class space    used 923K, capacity 989K, committed 1024K, reserved 1048576K
Event: 166.025 GC heap after
Heap after GC invocations=233 (full 21):
 PSYoungGen      total 495104K, used 112829K [0x00000000d5c00000, 0x0000000100000000, 0x0000000100000000)
  eden space 291328K, 0% used [0x00000000d5c00000,0x00000000d5c00000,0x00000000e7880000)
  from space 203776K, 55% used [0x00000000f3900000,0x00000000fa72f620,0x0000000100000000)
  to   space 197120K, 0% used [0x00000000e7880000,0x00000000e7880000,0x00000000f3900000)
 ParOldGen       total 1384448K, used 945763K [0x0000000081400000, 0x00000000d5c00000, 0x00000000d5c00000)
  object space 1384448K, 68% used [0x0000000081400000,0x00000000baf98ee8,0x00000000d5c00000)
 Metaspace       used 9233K, capacity 9432K, committed 9472K, reserved 1058816K
  class space    used 923K, capacity 989K, committed 1024K, reserved 1048576K
}

