# JRE version: Java(TM) SE Runtime Environment (8.0_60-b27) (build 1.8.0_60-b27)
# Java VM: Java HotSpot(TM) 64-Bit Server VM (25.60-b23 mixed mode windows-amd64 compressed oops)
Heap:
 PSYoungGen      total 468992K, used 14432K [0x00000000d5c00000, 0x0000000100000000, 0x0000000100000000)
  eden space 270336K, 3% used [0x00000000d5c00000,0x00000000d6587ab8,0x00000000e6400000)
  from space 198656K, 2% used [0x00000000e6400000,0x00000000e6890828,0x00000000f2600000)
  to   space 204288K, 0% used [0x00000000f3880000,0x00000000f3880000,0x0000000100000000)
 ParOldGen       total 1384448K, used 766159K [0x0000000081400000, 0x00000000d5c00000, 0x00000000d5c00000)
  object space 1384448K, 55% used [0x0000000081400000,0x00000000b0033d18,0x00000000d5c00000)
 Metaspace       used 9232K, capacity 9432K, committed 9472K, reserved 1058816K
  class space    used 922K, capacity 989K, committed 1024K, reserved 1048576K
GC Heap History (10 events):
Event: 153.352 GC heap before
{Heap before GC invocations=229 (full 22):
 PSYoungGen      total 492544K, used 410496K [0x00000000d5c00000, 0x0000000100000000, 0x0000000100000000)
  eden space 290816K, 100% used [0x00000000d5c00000,0x00000000e7800000,0x00000000e7800000)
  from space 201728K, 59% used [0x00000000f3b00000,0x00000000fafe0010,0x0000000100000000)
  to   space 199680K, 0% used [0x00000000e7800000,0x00000000e7800000,0x00000000f3b00000)
 ParOldGen       total 1384448K, used 661385K [0x0000000081400000, 0x00000000d5c00000, 0x00000000d5c00000)
  object space 1384448K, 47% used [0x0000000081400000,0x00000000a99e2438,0x00000000d5c00000)
 Metaspace       used 9232K, capacity 9432K, committed 9472K, reserved 1058816K
  class space    used 922K, capacity 989K, committed 1024K, reserved 1048576K
Event: 153.372 GC heap after
Heap after GC invocations=229 (full 22):
 PSYoungGen      total 338432K, used 47584K [0x00000000d5c00000, 0x00000000ffb00000, 0x0000000100000000)
  eden space 290816K, 0% used [0x00000000d5c00000,0x00000000d5c00000,0x00000000e7800000)
  from space 47616K, 99% used [0x00000000e7800000,0x00000000ea678000,0x00000000ea680000)
  to   space 198144K, 0% used [0x00000000f3980000,0x00000000f3980000,0x00000000ffb00000)
 ParOldGen       total 1384448K, used 718929K [0x0000000081400000, 0x00000000d5c00000, 0x00000000d5c00000)
  object space 1384448K, 51% used [0x0000000081400000,0x00000000ad2144b8,0x00000000d5c00000)
 Metaspace       used 9232K, capacity 9432K, committed 9472K, reserved 1058816K
  class space    used 922K, capacity 989K, committed 1024K, reserved 1048576K
}
Event: 154.498 GC heap before
{Heap before GC invocations=230 (full 22):
 PSYoungGen      total 338432K, used 338400K [0x00000000d5c00000, 0x00000000ffb00000, 0x0000000100000000)
  eden space 290816K, 100% used [0x00000000d5c00000,0x00000000e7800000,0x00000000e7800000)
  from space 47616K, 99% used [0x00000000e7800000,0x00000000ea678000,0x00000000ea680000)
  to   space 198144K, 0% used [0x00000000f3980000,0x00000000f3980000,0x00000000ffb00000)
 ParOldGen       total 1384448K, used 718929K [0x0000000081400000, 0x00000000d5c00000, 0x00000000d5c00000)
  object space 1384448K, 51% used [0x0000000081400000,0x00000000ad2144b8,0x00000000d5c00000)
 Metaspace       used 9232K, capacity 9432K, committed 9472K, reserved 1058816K
  class space    used 922K, capacity 989K, committed 1024K, reserved 1048576K
Event: 154.531 GC heap after
Heap after GC invocations=230 (full 22):
 PSYoungGen      total 460288K, used 166205K [0x00000000d5c00000, 0x0000000100000000, 0x0000000100000000)
  eden space 262144K, 0% used [0x00000000d5c00000,0x00000000d5c00000,0x00000000e5c00000)
  from space 198144K, 83% used [0x00000000f3980000,0x00000000fdbcf610,0x00000000ffb00000)
  to   space 215040K, 0% used [0x00000000e5c00000,0x00000000e5c00000,0x00000000f2e00000)
 ParOldGen       total 1384448K, used 718929K [0x0000000081400000, 0x00000000d5c00000, 0x00000000d5c00000)
  object space 1384448K, 51% used [0x0000000081400000,0x00000000ad2144b8,0x00000000d5c00000)
 Metaspace       used 9232K, capacity 9432K, committed 9472K, reserved 1058816K
  class space    used 922K, capacity 989K, committed 1024K, reserved 1048576K
}
Event: 155.664 GC heap before
{Heap before GC invocations=231 (full 22):
 PSYoungGen      total 460288K, used 428349K [0x00000000d5c00000, 0x0000000100000000, 0x0000000100000000)
  eden space 262144K, 100% used [0x00000000d5c00000,0x00000000e5c00000,0x00000000e5c00000)
  from space 198144K, 83% used [0x00000000f3980000,0x00000000fdbcf610,0x00000000ffb00000)
  to   space 215040K, 0% used [0x00000000e5c00000,0x00000000e5c00000,0x00000000f2e00000)
 ParOldGen       total 1384448K, used 718929K [0x0000000081400000, 0x00000000d5c00000, 0x00000000d5c00000)
  object space 1384448K, 51% used [0x0000000081400000,0x00000000ad2144b8,0x00000000d5c00000)
 Metaspace       used 9232K, capacity 9432K, committed 9472K, reserved 1058816K
  class space    used 922K, capacity 989K, committed 1024K, reserved 1048576K
Event: 155.684 GC heap after
Heap after GC invocations=231 (full 22):
 PSYoungGen      total 477184K, used 81057K [0x00000000d5c00000, 0x0000000100000000, 0x0000000100000000)
  eden space 262144K, 0% used [0x00000000d5c00000,0x00000000d5c00000,0x00000000e5c00000)
  from space 215040K, 37% used [0x00000000e5c00000,0x00000000eab287e8,0x00000000f2e00000)
  to   space 206848K, 0% used [0x00000000f3600000,0x00000000f3600000,0x0000000100000000)
 ParOldGen       total 1384448K, used 766159K [0x0000000081400000, 0x00000000d5c00000, 0x00000000d5c00000)
  object space 1384448K, 55% used [0x0000000081400000,0x00000000b0033d18,0x00000000d5c00000)
 Metaspace       used 9232K, capacity 9432K, committed 9472K, reserved 1058816K
  class space    used 922K, capacity 989K, committed 1024K, reserved 1048576K
}
Event: 156.712 GC heap before
{Heap before GC invocations=232 (full 22):
 PSYoungGen      total 477184K, used 343201K [0x00000000d5c00000, 0x0000000100000000, 0x0000000100000000)
  eden space 262144K, 100% used [0x00000000d5c00000,0x00000000e5c00000,0x00000000e5c00000)
  from space 215040K, 37% used [0x00000000e5c00000,0x00000000eab287e8,0x00000000f2e00000)
  to   space 206848K, 0% used [0x00000000f3600000,0x00000000f3600000,0x0000000100000000)
 ParOldGen       total 1384448K, used 766159K [0x0000000081400000, 0x00000000d5c00000, 0x00000000d5c00000)
  object space 1384448K, 55% used [0x0000000081400000,0x00000000b0033d18,0x00000000d5c00000)
 Metaspace       used 9232K, capacity 9432K, committed 9472K, reserved 1058816K
  class space    used 922K, capacity 989K, committed 1024K, reserved 1048576K
Event: 156.744 GC heap after
Heap after GC invocations=232 (full 22):
 PSYoungGen      total 452608K, used 83984K [0x00000000d5c00000, 0x00000000fe800000, 0x0000000100000000)
  eden space 270336K, 0% used [0x00000000d5c00000,0x00000000d5c00000,0x00000000e6400000)
  from space 182272K, 46% used [0x00000000f3600000,0x00000000f8804010,0x00000000fe800000)
  to   space 198656K, 0% used [0x00000000e6400000,0x00000000e6400000,0x00000000f2600000)
 ParOldGen       total 1384448K, used 766159K [0x0000000081400000, 0x00000000d5c00000, 0x00000000d5c00000)
  object space 1384448K, 55% used [0x0000000081400000,0x00000000b0033d18,0x00000000d5c00000)
 Metaspace       used 9232K, capacity 9432K, committed 9472K, reserved 1058816K
  class space    used 922K, capacity 989K, committed 1024K, reserved 1048576K
}
Event: 157.519 GC heap before
{Heap before GC invocations=233 (full 22):
 PSYoungGen      total 452608K, used 354320K [0x00000000d5c00000, 0x00000000fe800000, 0x0000000100000000)
  eden space 270336K, 100% used [0x00000000d5c00000,0x00000000e6400000,0x00000000e6400000)
  from space 182272K, 46% used [0x00000000f3600000,0x00000000f8804010,0x00000000fe800000)
  to   space 198656K, 0% used [0x00000000e6400000,0x00000000e6400000,0x00000000f2600000)
 ParOldGen       total 1384448K, used 766159K [0x0000000081400000, 0x00000000d5c00000, 0x00000000d5c00000)
  object space 1384448K, 55% used [0x0000000081400000,0x00000000b0033d18,0x00000000d5c00000)
 Metaspace       used 9232K, capacity 9432K, committed 9472K, reserved 1058816K
  class space    used 922K, capacity 989K, committed 1024K, reserved 1048576K
Event: 157.524 GC heap after
Heap after GC invocations=233 (full 22):
 PSYoungGen      total 468992K, used 4674K [0x00000000d5c00000, 0x0000000100000000, 0x0000000100000000)
  eden space 270336K, 0% used [0x00000000d5c00000,0x00000000d5c00000,0x00000000e6400000)
  from space 198656K, 2% used [0x00000000e6400000,0x00000000e6890828,0x00000000f2600000)
  to   space 204288K, 0% used [0x00000000f3880000,0x00000000f3880000,0x0000000100000000)
 ParOldGen       total 1384448K, used 766159K [0x0000000081400000, 0x00000000d5c00000, 0x00000000d5c00000)
  object space 1384448K, 55% used [0x0000000081400000,0x00000000b0033d18,0x00000000d5c00000)
 Metaspace       used 9232K, capacity 9432K, committed 9472K, reserved 1058816K
  class space    used 922K, capacity 989K, committed 1024K, reserved 1048576K
}

