# JRE version: Java(TM) SE Runtime Environment (8.0_60-b27) (build 1.8.0_60-b27)
# Java VM: Java HotSpot(TM) 64-Bit Server VM (25.60-b23 mixed mode windows-amd64 compressed oops)
Heap:
 PSYoungGen      total 456192K, used 203862K [0x00000000d5c00000, 0x0000000100000000, 0x0000000100000000)
  eden space 240640K, 16% used [0x00000000d5c00000,0x00000000d839de88,0x00000000e4700000)
  from space 215552K, 75% used [0x00000000f2d00000,0x00000000fcc77c10,0x00000000fff80000)
  to   space 225792K, 0% used [0x00000000e4700000,0x00000000e4700000,0x00000000f2380000)
 ParOldGen       total 742912K, used 460398K [0x0000000081400000, 0x00000000ae980000, 0x00000000d5c00000)
  object space 742912K, 61% used [0x0000000081400000,0x000000009d59b818,0x00000000ae980000)
 Metaspace       used 8731K, capacity 8904K, committed 8960K, reserved 1056768K
  class space    used 911K, capacity 987K, committed 1024K, reserved 1048576K
GC Heap History (10 events):
Event: 12.516 GC heap before
{Heap before GC invocations=14 (full 3):
 PSYoungGen      total 344576K, used 297680K [0x00000000d5c00000, 0x00000000f6900000, 0x0000000100000000)
  eden space 168960K, 100% used [0x00000000d5c00000,0x00000000e0100000,0x00000000e0100000)
  from space 175616K, 73% used [0x00000000eb380000,0x00000000f3134128,0x00000000f5f00000)
  to   space 182784K, 0% used [0x00000000e0100000,0x00000000e0100000,0x00000000eb380000)
 ParOldGen       total 512000K, used 342623K [0x0000000081400000, 0x00000000a0800000, 0x00000000d5c00000)
  object space 512000K, 66% used [0x0000000081400000,0x0000000096297f50,0x00000000a0800000)
 Metaspace       used 8716K, capacity 8904K, committed 8960K, reserved 1056768K
  class space    used 911K, capacity 987K, committed 1024K, reserved 1048576K
Event: 12.560 GC heap after
Heap after GC invocations=14 (full 3):
 PSYoungGen      total 351744K, used 182768K [0x00000000d5c00000, 0x00000000fec00000, 0x0000000100000000)
  eden space 168960K, 0% used [0x00000000d5c00000,0x00000000d5c00000,0x00000000e0100000)
  from space 182784K, 99% used [0x00000000e0100000,0x00000000eb37c128,0x00000000eb380000)
  to   space 229888K, 0% used [0x00000000f0b80000,0x00000000f0b80000,0x00000000fec00000)
 ParOldGen       total 512000K, used 402486K [0x0000000081400000, 0x00000000a0800000, 0x00000000d5c00000)
  object space 512000K, 78% used [0x0000000081400000,0x0000000099d0da00,0x00000000a0800000)
 Metaspace       used 8716K, capacity 8904K, committed 8960K, reserved 1056768K
  class space    used 911K, capacity 987K, committed 1024K, reserved 1048576K
}
Event: 13.502 GC heap before
{Heap before GC invocations=15 (full 3):
 PSYoungGen      total 351744K, used 351728K [0x00000000d5c00000, 0x00000000fec00000, 0x0000000100000000)
  eden space 168960K, 100% used [0x00000000d5c00000,0x00000000e0100000,0x00000000e0100000)
  from space 182784K, 99% used [0x00000000e0100000,0x00000000eb37c128,0x00000000eb380000)
  to   space 229888K, 0% used [0x00000000f0b80000,0x00000000f0b80000,0x00000000fec00000)
 ParOldGen       total 512000K, used 402486K [0x0000000081400000, 0x00000000a0800000, 0x00000000d5c00000)
  object space 512000K, 78% used [0x0000000081400000,0x0000000099d0da00,0x00000000a0800000)
 Metaspace       used 8728K, capacity 8904K, committed 8960K, reserved 1056768K
  class space    used 911K, capacity 987K, committed 1024K, reserved 1048576K
Event: 13.525 GC heap after
Heap after GC invocations=15 (full 3):
 PSYoungGen      total 417280K, used 90335K [0x00000000d5c00000, 0x00000000fd680000, 0x0000000100000000)
  eden space 209408K, 0% used [0x00000000d5c00000,0x00000000d5c00000,0x00000000e2880000)
  from space 207872K, 43% used [0x00000000f0b80000,0x00000000f63b7c10,0x00000000fd680000)
  to   space 220160K, 0% used [0x00000000e2880000,0x00000000e2880000,0x00000000eff80000)
 ParOldGen       total 512000K, used 432031K [0x0000000081400000, 0x00000000a0800000, 0x00000000d5c00000)
  object space 512000K, 84% used [0x0000000081400000,0x000000009b9e7f18,0x00000000a0800000)
 Metaspace       used 8728K, capacity 8904K, committed 8960K, reserved 1056768K
  class space    used 911K, capacity 987K, committed 1024K, reserved 1048576K
}
Event: 13.525 GC heap before
{Heap before GC invocations=16 (full 4):
 PSYoungGen      total 417280K, used 90335K [0x00000000d5c00000, 0x00000000fd680000, 0x0000000100000000)
  eden space 209408K, 0% used [0x00000000d5c00000,0x00000000d5c00000,0x00000000e2880000)
  from space 207872K, 43% used [0x00000000f0b80000,0x00000000f63b7c10,0x00000000fd680000)
  to   space 220160K, 0% used [0x00000000e2880000,0x00000000e2880000,0x00000000eff80000)
 ParOldGen       total 512000K, used 432031K [0x0000000081400000, 0x00000000a0800000, 0x00000000d5c00000)
  object space 512000K, 84% used [0x0000000081400000,0x000000009b9e7f18,0x00000000a0800000)
 Metaspace       used 8728K, capacity 8904K, committed 8960K, reserved 1056768K
  class space    used 911K, capacity 987K, committed 1024K, reserved 1048576K
Event: 13.709 GC heap after
Heap after GC invocations=16 (full 4):
 PSYoungGen      total 417280K, used 0K [0x00000000d5c00000, 0x00000000fd680000, 0x0000000100000000)
  eden space 209408K, 0% used [0x00000000d5c00000,0x00000000d5c00000,0x00000000e2880000)
  from space 207872K, 0% used [0x00000000f0b80000,0x00000000f0b80000,0x00000000fd680000)
  to   space 220160K, 0% used [0x00000000e2880000,0x00000000e2880000,0x00000000eff80000)
 ParOldGen       total 742912K, used 460390K [0x0000000081400000, 0x00000000ae980000, 0x00000000d5c00000)
  object space 742912K, 61% used [0x0000000081400000,0x000000009d599818,0x00000000ae980000)
 Metaspace       used 8728K, capacity 8904K, committed 8960K, reserved 1056768K
  class space    used 911K, capacity 987K, committed 1024K, reserved 1048576K
}
Event: 14.503 GC heap before
{Heap before GC invocations=17 (full 4):
 PSYoungGen      total 417280K, used 209408K [0x00000000d5c00000, 0x00000000fd680000, 0x0000000100000000)
  eden space 209408K, 100% used [0x00000000d5c00000,0x00000000e2880000,0x00000000e2880000)
  from space 207872K, 0% used [0x00000000f0b80000,0x00000000f0b80000,0x00000000fd680000)
  to   space 220160K, 0% used [0x00000000e2880000,0x00000000e2880000,0x00000000eff80000)
 ParOldGen       total 742912K, used 460390K [0x0000000081400000, 0x00000000ae980000, 0x00000000d5c00000)
  object space 742912K, 61% used [0x0000000081400000,0x000000009d599818,0x00000000ae980000)
 Metaspace       used 8730K, capacity 8904K, committed 8960K, reserved 1056768K
  class space    used 911K, capacity 987K, committed 1024K, reserved 1048576K
Event: 14.520 GC heap after
Heap after GC invocations=17 (full 4):
 PSYoungGen      total 429568K, used 122493K [0x00000000d5c00000, 0x00000000fff80000, 0x0000000100000000)
  eden space 209408K, 0% used [0x00000000d5c00000,0x00000000d5c00000,0x00000000e2880000)
  from space 220160K, 55% used [0x00000000e2880000,0x00000000ea01f430,0x00000000eff80000)
  to   space 215552K, 0% used [0x00000000f2d00000,0x00000000f2d00000,0x00000000fff80000)
 ParOldGen       total 742912K, used 460398K [0x0000000081400000, 0x00000000ae980000, 0x00000000d5c00000)
  object space 742912K, 61% used [0x0000000081400000,0x000000009d59b818,0x00000000ae980000)
 Metaspace       used 8730K, capacity 8904K, committed 8960K, reserved 1056768K
  class space    used 911K, capacity 987K, committed 1024K, reserved 1048576K
}
Event: 15.609 GC heap before
{Heap before GC invocations=18 (full 4):
 PSYoungGen      total 429568K, used 331901K [0x00000000d5c00000, 0x00000000fff80000, 0x0000000100000000)
  eden space 209408K, 100% used [0x00000000d5c00000,0x00000000e2880000,0x00000000e2880000)
  from space 220160K, 55% used [0x00000000e2880000,0x00000000ea01f430,0x00000000eff80000)
  to   space 215552K, 0% used [0x00000000f2d00000,0x00000000f2d00000,0x00000000fff80000)
 ParOldGen       total 742912K, used 460398K [0x0000000081400000, 0x00000000ae980000, 0x00000000d5c00000)
  object space 742912K, 61% used [0x0000000081400000,0x000000009d59b818,0x00000000ae980000)
 Metaspace       used 8731K, capacity 8904K, committed 8960K, reserved 1056768K
  class space    used 911K, capacity 987K, committed 1024K, reserved 1048576K
Event: 15.638 GC heap after
Heap after GC invocations=18 (full 4):
 PSYoungGen      total 456192K, used 163295K [0x00000000d5c00000, 0x0000000100000000, 0x0000000100000000)
  eden space 240640K, 0% used [0x00000000d5c00000,0x00000000d5c00000,0x00000000e4700000)
  from space 215552K, 75% used [0x00000000f2d00000,0x00000000fcc77c10,0x00000000fff80000)
  to   space 225792K, 0% used [0x00000000e4700000,0x00000000e4700000,0x00000000f2380000)
 ParOldGen       total 742912K, used 460398K [0x0000000081400000, 0x00000000ae980000, 0x00000000d5c00000)
  object space 742912K, 61% used [0x0000000081400000,0x000000009d59b818,0x00000000ae980000)
 Metaspace       used 8731K, capacity 8904K, committed 8960K, reserved 1056768K
  class space    used 911K, capacity 987K, committed 1024K, reserved 1048576K
}

