# JRE version: Java(TM) SE Runtime Environment (8.0_60-b27) (build 1.8.0_60-b27)
# Java VM: Java HotSpot(TM) 64-Bit Server VM (25.60-b23 mixed mode windows-amd64 compressed oops)
Heap:
 PSYoungGen      total 482304K, used 53868K [0x00000000d5c00000, 0x0000000100000000, 0x0000000100000000)
  eden space 271872K, 7% used [0x00000000d5c00000,0x00000000d6f5ab88,0x00000000e6580000)
  from space 210432K, 16% used [0x00000000f3280000,0x00000000f53c0838,0x0000000100000000)
  to   space 209920K, 0% used [0x00000000e6580000,0x00000000e6580000,0x00000000f3280000)
 ParOldGen       total 1384448K, used 680347K [0x0000000081400000, 0x00000000d5c00000, 0x00000000d5c00000)
  object space 1384448K, 49% used [0x0000000081400000,0x00000000aac66dd8,0x00000000d5c00000)
 Metaspace       used 9242K, capacity 9432K, committed 9472K, reserved 1058816K
  class space    used 922K, capacity 989K, committed 1024K, reserved 1048576K
GC Heap History (10 events):
Event: 156.198 GC heap before
{Heap before GC invocations=233 (full 22):
 PSYoungGen      total 474112K, used 361872K [0x00000000d5c00000, 0x00000000fec00000, 0x0000000100000000)
  eden space 287744K, 100% used [0x00000000d5c00000,0x00000000e7500000,0x00000000e7500000)
  from space 186368K, 39% used [0x00000000f3600000,0x00000000f7e64020,0x00000000fec00000)
  to   space 192000K, 0% used [0x00000000e7500000,0x00000000e7500000,0x00000000f3080000)
 ParOldGen       total 1384448K, used 1167941K [0x0000000081400000, 0x00000000d5c00000, 0x00000000d5c00000)
  object space 1384448K, 84% used [0x0000000081400000,0x00000000c8891568,0x00000000d5c00000)
 Metaspace       used 9242K, capacity 9432K, committed 9472K, reserved 1058816K
  class space    used 922K, capacity 989K, committed 1024K, reserved 1048576K
Event: 156.227 GC heap after
Heap after GC invocations=233 (full 22):
 PSYoungGen      total 479744K, used 148780K [0x00000000d5c00000, 0x0000000100000000, 0x0000000100000000)
  eden space 287744K, 0% used [0x00000000d5c00000,0x00000000d5c00000,0x00000000e7500000)
  from space 192000K, 77% used [0x00000000e7500000,0x00000000f064b230,0x00000000f3080000)
  to   space 202240K, 0% used [0x00000000f3a80000,0x00000000f3a80000,0x0000000100000000)
 ParOldGen       total 1384448K, used 1167965K [0x0000000081400000, 0x00000000d5c00000, 0x00000000d5c00000)
  object space 1384448K, 84% used [0x0000000081400000,0x00000000c8897568,0x00000000d5c00000)
 Metaspace       used 9242K, capacity 9432K, committed 9472K, reserved 1058816K
  class space    used 922K, capacity 989K, committed 1024K, reserved 1048576K
}
Event: 157.816 GC heap before
{Heap before GC invocations=234 (full 22):
 PSYoungGen      total 479744K, used 436524K [0x00000000d5c00000, 0x0000000100000000, 0x0000000100000000)
  eden space 287744K, 100% used [0x00000000d5c00000,0x00000000e7500000,0x00000000e7500000)
  from space 192000K, 77% used [0x00000000e7500000,0x00000000f064b230,0x00000000f3080000)
  to   space 202240K, 0% used [0x00000000f3a80000,0x00000000f3a80000,0x0000000100000000)
 ParOldGen       total 1384448K, used 1167965K [0x0000000081400000, 0x00000000d5c00000, 0x00000000d5c00000)
  object space 1384448K, 84% used [0x0000000081400000,0x00000000c8897568,0x00000000d5c00000)
 Metaspace       used 9242K, capacity 9432K, committed 9472K, reserved 1058816K
  class space    used 922K, capacity 989K, committed 1024K, reserved 1048576K
Event: 157.862 GC heap after
Heap after GC invocations=234 (full 22):
 PSYoungGen      total 477696K, used 145533K [0x00000000d5c00000, 0x0000000100000000, 0x0000000100000000)
  eden space 275456K, 0% used [0x00000000d5c00000,0x00000000d5c00000,0x00000000e6900000)
  from space 202240K, 71% used [0x00000000f3a80000,0x00000000fc89f630,0x0000000100000000)
  to   space 208384K, 0% used [0x00000000e6900000,0x00000000e6900000,0x00000000f3480000)
 ParOldGen       total 1384448K, used 1248720K [0x0000000081400000, 0x00000000d5c00000, 0x00000000d5c00000)
  object space 1384448K, 90% used [0x0000000081400000,0x00000000cd7741e8,0x00000000d5c00000)
 Metaspace       used 9242K, capacity 9432K, committed 9472K, reserved 1058816K
  class space    used 922K, capacity 989K, committed 1024K, reserved 1048576K
}
Event: 157.862 GC heap before
{Heap before GC invocations=235 (full 23):
 PSYoungGen      total 477696K, used 145533K [0x00000000d5c00000, 0x0000000100000000, 0x0000000100000000)
  eden space 275456K, 0% used [0x00000000d5c00000,0x00000000d5c00000,0x00000000e6900000)
  from space 202240K, 71% used [0x00000000f3a80000,0x00000000fc89f630,0x0000000100000000)
  to   space 208384K, 0% used [0x00000000e6900000,0x00000000e6900000,0x00000000f3480000)
 ParOldGen       total 1384448K, used 1248720K [0x0000000081400000, 0x00000000d5c00000, 0x00000000d5c00000)
  object space 1384448K, 90% used [0x0000000081400000,0x00000000cd7741e8,0x00000000d5c00000)
 Metaspace       used 9242K, capacity 9432K, committed 9472K, reserved 1058816K
  class space    used 922K, capacity 989K, committed 1024K, reserved 1048576K
Event: 158.097 GC heap after
Heap after GC invocations=235 (full 23):
 PSYoungGen      total 477696K, used 0K [0x00000000d5c00000, 0x0000000100000000, 0x0000000100000000)
  eden space 275456K, 0% used [0x00000000d5c00000,0x00000000d5c00000,0x00000000e6900000)
  from space 202240K, 0% used [0x00000000f3a80000,0x00000000f3a80000,0x0000000100000000)
  to   space 208384K, 0% used [0x00000000e6900000,0x00000000e6900000,0x00000000f3480000)
 ParOldGen       total 1384448K, used 662739K [0x0000000081400000, 0x00000000d5c00000, 0x00000000d5c00000)
  object space 1384448K, 47% used [0x0000000081400000,0x00000000a9b34e90,0x00000000d5c00000)
 Metaspace       used 9242K, capacity 9432K, committed 9472K, reserved 1058816K
  class space    used 922K, capacity 989K, committed 1024K, reserved 1048576K
}
Event: 158.900 GC heap before
{Heap before GC invocations=236 (full 23):
 PSYoungGen      total 477696K, used 275456K [0x00000000d5c00000, 0x0000000100000000, 0x0000000100000000)
  eden space 275456K, 100% used [0x00000000d5c00000,0x00000000e6900000,0x00000000e6900000)
  from space 202240K, 0% used [0x00000000f3a80000,0x00000000f3a80000,0x0000000100000000)
  to   space 208384K, 0% used [0x00000000e6900000,0x00000000e6900000,0x00000000f3480000)
 ParOldGen       total 1384448K, used 662739K [0x0000000081400000, 0x00000000d5c00000, 0x00000000d5c00000)
  object space 1384448K, 47% used [0x0000000081400000,0x00000000a9b34e90,0x00000000d5c00000)
 Metaspace       used 9242K, capacity 9432K, committed 9472K, reserved 1058816K
  class space    used 922K, capacity 989K, committed 1024K, reserved 1048576K
Event: 158.907 GC heap after
Heap after GC invocations=236 (full 23):
 PSYoungGen      total 308224K, used 32565K [0x00000000d5c00000, 0x0000000100000000, 0x0000000100000000)
  eden space 275456K, 0% used [0x00000000d5c00000,0x00000000d5c00000,0x00000000e6900000)
  from space 32768K, 99% used [0x00000000e6900000,0x00000000e88cd588,0x00000000e8900000)
  to   space 210432K, 0% used [0x00000000f3280000,0x00000000f3280000,0x0000000100000000)
 ParOldGen       total 1384448K, used 662739K [0x0000000081400000, 0x00000000d5c00000, 0x00000000d5c00000)
  object space 1384448K, 47% used [0x0000000081400000,0x00000000a9b34e90,0x00000000d5c00000)
 Metaspace       used 9242K, capacity 9432K, committed 9472K, reserved 1058816K
  class space    used 922K, capacity 989K, committed 1024K, reserved 1048576K
}
Event: 160.091 GC heap before
{Heap before GC invocations=237 (full 23):
 PSYoungGen      total 308224K, used 308021K [0x00000000d5c00000, 0x0000000100000000, 0x0000000100000000)
  eden space 275456K, 100% used [0x00000000d5c00000,0x00000000e6900000,0x00000000e6900000)
  from space 32768K, 99% used [0x00000000e6900000,0x00000000e88cd588,0x00000000e8900000)
  to   space 210432K, 0% used [0x00000000f3280000,0x00000000f3280000,0x0000000100000000)
 ParOldGen       total 1384448K, used 662739K [0x0000000081400000, 0x00000000d5c00000, 0x00000000d5c00000)
  object space 1384448K, 47% used [0x0000000081400000,0x00000000a9b34e90,0x00000000d5c00000)
 Metaspace       used 9242K, capacity 9432K, committed 9472K, reserved 1058816K
  class space    used 922K, capacity 989K, committed 1024K, reserved 1048576K
Event: 160.101 GC heap after
Heap after GC invocations=237 (full 23):
 PSYoungGen      total 482304K, used 34050K [0x00000000d5c00000, 0x0000000100000000, 0x0000000100000000)
  eden space 271872K, 0% used [0x00000000d5c00000,0x00000000d5c00000,0x00000000e6580000)
  from space 210432K, 16% used [0x00000000f3280000,0x00000000f53c0838,0x0000000100000000)
  to   space 209920K, 0% used [0x00000000e6580000,0x00000000e6580000,0x00000000f3280000)
 ParOldGen       total 1384448K, used 680347K [0x0000000081400000, 0x00000000d5c00000, 0x00000000d5c00000)
  object space 1384448K, 49% used [0x0000000081400000,0x00000000aac66dd8,0x00000000d5c00000)
 Metaspace       used 9242K, capacity 9432K, committed 9472K, reserved 1058816K
  class space    used 922K, capacity 989K, committed 1024K, reserved 1048576K
}

